<?xml version="1.0" encoding="UTF-8"?>
<testng-results skipped="0" failed="0" total="1" passed="1">
  <reporter-output>
  </reporter-output>
  <suite name="Default suite" duration-ms="44026" started-at="2020-02-20T15:03:46Z" finished-at="2020-02-20T15:04:30Z">
    <groups>
    </groups>
    <test name="Default test" duration-ms="44026" started-at="2020-02-20T15:03:46Z" finished-at="2020-02-20T15:04:30Z">
      <class name="com.actitime.test.CustomerModule">
        <test-method status="PASS" signature="openBrowser()[pri:0, instance:com.actitime.test.CustomerModule@6adca536]" name="openBrowser" is-config="true" duration-ms="4781" started-at="2020-02-20T20:33:46Z" finished-at="2020-02-20T20:33:51Z">
          <reporter-output>
          </reporter-output>
        </test-method> <!-- openBrowser -->
        <test-method status="PASS" signature="login()[pri:0, instance:com.actitime.test.CustomerModule@6adca536]" name="login" is-config="true" duration-ms="18220" started-at="2020-02-20T20:33:51Z" finished-at="2020-02-20T20:34:09Z">
          <reporter-output>
          </reporter-output>
        </test-method> <!-- login -->
        <test-method status="PASS" signature="testCreateCustomer()[pri:0, instance:com.actitime.test.CustomerModule@6adca536]" name="testCreateCustomer" duration-ms="16117" started-at="2020-02-20T20:34:09Z" finished-at="2020-02-20T20:34:25Z">
          <reporter-output>
          </reporter-output>
        </test-method> <!-- testCreateCustomer -->
        <test-method status="PASS" signature="logout()[pri:0, instance:com.actitime.test.CustomerModule@6adca536]" name="logout" is-config="true" duration-ms="2515" started-at="2020-02-20T20:34:25Z" finished-at="2020-02-20T20:34:27Z">
          <reporter-output>
          </reporter-output>
        </test-method> <!-- logout -->
        <test-method status="PASS" signature="closeBrowser()[pri:0, instance:com.actitime.test.CustomerModule@6adca536]" name="closeBrowser" is-config="true" duration-ms="2373" started-at="2020-02-20T20:34:27Z" finished-at="2020-02-20T20:34:30Z">
          <reporter-output>
          </reporter-output>
        </test-method> <!-- closeBrowser -->
      </class> <!-- com.actitime.test.CustomerModule -->
    </test> <!-- Default test -->
  </suite> <!-- Default suite -->
</testng-results>
